[92m2024-02-23 17:09:47,262 [main] DEBUG: Создание Horse, имя [Bucephalus], скорость [2.4]
[m 2024-02-23 17:09:47 DEBUG Horse: Создание Horse, имя [Bucephalus], скорость [2.4]
[92m2024-02-23 17:09:47,276 [main] DEBUG: Создание Horse, имя [Ace of Spades], скорость [2.5]
[m 2024-02-23 17:09:47 DEBUG Horse: Создание Horse, имя [Ace of Spades], скорость [2.5]
[92m2024-02-23 17:09:47,277 [main] DEBUG: Создание Horse, имя [Zephyr], скорость [2.6]
[m 2024-02-23 17:09:47 DEBUG Horse: Создание Horse, имя [Zephyr], скорость [2.6]
[92m2024-02-23 17:09:47,277 [main] DEBUG: Создание Horse, имя [Blaze], скорость [2.7]
[m 2024-02-23 17:09:47 DEBUG Horse: Создание Horse, имя [Blaze], скорость [2.7]
[92m2024-02-23 17:09:47,278 [main] DEBUG: Создание Horse, имя [Lobster], скорость [2.8]
[m 2024-02-23 17:09:47 DEBUG Horse: Создание Horse, имя [Lobster], скорость [2.8]
[92m2024-02-23 17:09:47,279 [main] DEBUG: Создание Horse, имя [Pegasus], скорость [2.9]
[m 2024-02-23 17:09:47 DEBUG Horse: Создание Horse, имя [Pegasus], скорость [2.9]
[92m2024-02-23 17:09:47,282 [main] DEBUG: Создание Horse, имя [Cherry], скорость [3.0]
[m 2024-02-23 17:09:47 DEBUG Horse: Создание Horse, имя [Cherry], скорость [3.0]
[92m2024-02-23 17:09:47,285 [main] DEBUG: Создание Hippodrome, лошадей [7]
[m 2024-02-23 17:09:47 DEBUG Hippodrome: Создание Hippodrome, лошадей [7]
[30m2024-02-23 17:09:47,285 [main] INFO : Начало скачек. Количество участников: 7
[m 2024-02-23 17:09:47 INFO  Main: Начало скачек. Количество участников: 7
[30m2024-02-23 17:09:49,313 [main] INFO : Окончание скачек. Победитель: Pegasus
[m 2024-02-23 17:09:49 INFO  Main: Окончание скачек. Победитель: Pegasus
